<?xml version="1.0" encoding="UTF-8"?>
<testsuite name="com.puneet.datastructure.arrays.BinarySearchTest" tests="6" skipped="0" failures="0" errors="0" timestamp="2019-12-27T23:04:04" hostname="C02YM03EJGH7" time="0.004">
  <properties/>
  <testcase name="testWhenTargetPresentInStarting" classname="com.puneet.datastructure.arrays.BinarySearchTest" time="0.002"/>
  <testcase name="testWhenTargetRepeatedPresentInStarting" classname="com.puneet.datastructure.arrays.BinarySearchTest" time="0.0"/>
  <testcase name="testWhenTargetRepeatedPresentInEnd" classname="com.puneet.datastructure.arrays.BinarySearchTest" time="0.0"/>
  <testcase name="testWhenTargetPresentAtLast" classname="com.puneet.datastructure.arrays.BinarySearchTest" time="0.0"/>
  <testcase name="testWhenTargetNotPresent" classname="com.puneet.datastructure.arrays.BinarySearchTest" time="0.0"/>
  <testcase name="testWhenTargetPresentInMiddle" classname="com.puneet.datastructure.arrays.BinarySearchTest" time="0.0"/>
  <system-out><![CDATA[]]></system-out>
  <system-err><![CDATA[]]></system-err>
</testsuite>
